2021-07-01 14:44:27,468:INFO:
=======
models:Attention_UNet,
epoch:21,
batch size:32
dataset:dacon
========
2021-07-01 14:44:32,061:INFO:Epoch 0/20
2021-07-01 14:44:33,456:INFO:1/4867,train_loss:0.695, psnr : 25.2453
2021-07-01 14:44:34,387:INFO:2/4867,train_loss:0.607, psnr : 25.2716
2021-07-01 14:44:35,326:INFO:3/4867,train_loss:0.564, psnr : 22.0039
2021-07-01 14:44:36,268:INFO:4/4867,train_loss:0.525, psnr : 21.4106
2021-07-01 14:44:37,207:INFO:5/4867,train_loss:0.496, psnr : 19.9984
2021-07-01 14:44:38,137:INFO:6/4867,train_loss:0.539, psnr : 24.7857
2021-07-01 14:44:39,145:INFO:7/4867,train_loss:0.471, psnr : 24.7893
2021-07-01 14:44:40,154:INFO:8/4867,train_loss:0.517, psnr : 24.3457
2021-07-01 14:44:41,199:INFO:9/4867,train_loss:0.473, psnr : 24.6761
2021-07-01 14:44:42,179:INFO:10/4867,train_loss:0.497, psnr : 20.6442
2021-07-01 14:44:43,184:INFO:11/4867,train_loss:0.467, psnr : 23.8246
2021-07-01 14:44:44,190:INFO:12/4867,train_loss:0.447, psnr : 22.8228
2021-07-01 14:44:45,177:INFO:13/4867,train_loss:0.451, psnr : 21.6363
2021-07-01 14:44:46,147:INFO:14/4867,train_loss:0.459, psnr : 22.4166
2021-07-01 14:44:47,152:INFO:15/4867,train_loss:0.428, psnr : 22.7889
2021-07-01 14:44:48,158:INFO:16/4867,train_loss:0.424, psnr : 21.5990
2021-07-01 14:44:49,152:INFO:17/4867,train_loss:0.418, psnr : 24.9755
2021-07-01 14:44:50,134:INFO:18/4867,train_loss:0.417, psnr : 23.7355
2021-07-01 14:44:51,120:INFO:19/4867,train_loss:0.400, psnr : 21.5861
2021-07-01 14:44:52,115:INFO:20/4867,train_loss:0.443, psnr : 20.2409
2021-07-01 14:44:53,091:INFO:21/4867,train_loss:0.430, psnr : 21.7563
2021-07-01 14:44:54,081:INFO:22/4867,train_loss:0.395, psnr : 22.7693
2021-07-01 14:44:55,073:INFO:23/4867,train_loss:0.406, psnr : 21.4619
2021-07-01 14:44:56,058:INFO:24/4867,train_loss:0.414, psnr : 22.1089
2021-07-01 14:44:57,063:INFO:25/4867,train_loss:0.422, psnr : 19.7395
2021-07-01 14:44:58,043:INFO:26/4867,train_loss:0.406, psnr : 21.0767
2021-07-01 14:44:59,048:INFO:27/4867,train_loss:0.401, psnr : 22.7542
2021-07-01 14:45:00,035:INFO:28/4867,train_loss:0.371, psnr : 22.0133
2021-07-01 14:45:01,013:INFO:29/4867,train_loss:0.388, psnr : 20.5836
2021-07-01 14:45:02,000:INFO:30/4867,train_loss:0.362, psnr : 22.2366
2021-07-01 14:45:02,962:INFO:31/4867,train_loss:0.387, psnr : 20.9859
2021-07-01 14:45:03,933:INFO:32/4867,train_loss:0.382, psnr : 23.3435
2021-07-01 14:45:04,930:INFO:33/4867,train_loss:0.368, psnr : 21.2608
2021-07-01 14:45:05,906:INFO:34/4867,train_loss:0.396, psnr : 20.4892
2021-07-01 14:45:06,896:INFO:35/4867,train_loss:0.365, psnr : 22.1336
2021-07-01 14:45:07,861:INFO:36/4867,train_loss:0.377, psnr : 20.1123
2021-07-01 14:45:08,852:INFO:37/4867,train_loss:0.387, psnr : 20.0904
2021-07-01 14:45:09,847:INFO:38/4867,train_loss:0.378, psnr : 21.5125
2021-07-01 14:45:10,845:INFO:39/4867,train_loss:0.355, psnr : 23.6495
2021-07-01 14:45:11,835:INFO:40/4867,train_loss:0.406, psnr : 23.8762
2021-07-01 14:45:12,800:INFO:41/4867,train_loss:0.396, psnr : 19.9515
2021-07-01 14:45:13,784:INFO:42/4867,train_loss:0.381, psnr : 22.5560
2021-07-01 14:45:14,769:INFO:43/4867,train_loss:0.387, psnr : 21.3370
2021-07-01 14:45:15,753:INFO:44/4867,train_loss:0.332, psnr : 20.6222
2021-07-01 14:45:16,730:INFO:45/4867,train_loss:0.369, psnr : 17.6131
2021-07-01 14:45:17,709:INFO:46/4867,train_loss:0.349, psnr : 20.3688
2021-07-01 14:45:18,703:INFO:47/4867,train_loss:0.352, psnr : 21.0946
2021-07-01 14:45:19,702:INFO:48/4867,train_loss:0.285, psnr : 26.5098
2021-07-01 14:45:20,685:INFO:49/4867,train_loss:0.343, psnr : 21.9541
2021-07-01 14:45:21,667:INFO:50/4867,train_loss:0.330, psnr : 21.8233
2021-07-01 14:45:22,664:INFO:51/4867,train_loss:0.335, psnr : 19.4492
2021-07-01 14:45:23,662:INFO:52/4867,train_loss:0.370, psnr : 21.3948
2021-07-01 14:45:24,655:INFO:53/4867,train_loss:0.321, psnr : 21.9935
2021-07-01 14:45:25,647:INFO:54/4867,train_loss:0.341, psnr : 21.7002
2021-07-01 14:45:26,647:INFO:55/4867,train_loss:0.353, psnr : 22.8243
2021-07-01 14:45:27,646:INFO:56/4867,train_loss:0.316, psnr : 23.1793
2021-07-01 14:45:28,641:INFO:57/4867,train_loss:0.337, psnr : 23.7720
2021-07-01 14:45:29,618:INFO:58/4867,train_loss:0.313, psnr : 21.0951
2021-07-01 14:45:30,607:INFO:59/4867,train_loss:0.336, psnr : 21.5725
2021-07-01 14:45:31,614:INFO:60/4867,train_loss:0.317, psnr : 21.6516
2021-07-01 14:45:32,606:INFO:61/4867,train_loss:0.301, psnr : 20.8765
2021-07-01 14:45:33,593:INFO:62/4867,train_loss:0.360, psnr : 21.4721
2021-07-01 14:45:34,581:INFO:63/4867,train_loss:0.336, psnr : 22.6684
2021-07-01 14:45:35,566:INFO:64/4867,train_loss:0.326, psnr : 19.9080
2021-07-01 14:45:36,647:INFO:65/4867,train_loss:0.334, psnr : 22.0633
2021-07-01 14:45:37,643:INFO:66/4867,train_loss:0.357, psnr : 21.2732
2021-07-01 14:45:38,639:INFO:67/4867,train_loss:0.279, psnr : 22.2968
2021-07-01 14:45:39,631:INFO:68/4867,train_loss:0.343, psnr : 21.2600
2021-07-01 14:45:40,630:INFO:69/4867,train_loss:0.304, psnr : 23.4614
2021-07-01 14:45:41,615:INFO:70/4867,train_loss:0.308, psnr : 22.6227
2021-07-01 14:45:42,599:INFO:71/4867,train_loss:0.330, psnr : 21.7043
2021-07-01 14:45:43,601:INFO:72/4867,train_loss:0.344, psnr : 20.1899
2021-07-01 14:45:44,579:INFO:73/4867,train_loss:0.298, psnr : 23.8349
2021-07-01 14:45:45,571:INFO:74/4867,train_loss:0.316, psnr : 23.7463
2021-07-01 14:45:46,548:INFO:75/4867,train_loss:0.307, psnr : 21.6428
2021-07-01 14:45:47,545:INFO:76/4867,train_loss:0.291, psnr : 21.1894
2021-07-01 14:45:48,532:INFO:77/4867,train_loss:0.371, psnr : 22.0696
2021-07-01 14:45:49,514:INFO:78/4867,train_loss:0.330, psnr : 25.0614
2021-07-01 14:45:50,499:INFO:79/4867,train_loss:0.320, psnr : 22.4982
2021-07-01 14:45:51,496:INFO:80/4867,train_loss:0.310, psnr : 24.9000
2021-07-01 14:45:52,486:INFO:81/4867,train_loss:0.306, psnr : 21.0099
2021-07-01 14:45:53,481:INFO:82/4867,train_loss:0.336, psnr : 23.4392
2021-07-01 14:45:54,475:INFO:83/4867,train_loss:0.303, psnr : 22.6362
2021-07-01 14:45:55,447:INFO:84/4867,train_loss:0.345, psnr : 22.6940
2021-07-01 14:45:56,427:INFO:85/4867,train_loss:0.414, psnr : 19.9648
2021-07-01 14:45:57,408:INFO:86/4867,train_loss:0.327, psnr : 18.5652
2021-07-01 14:45:58,389:INFO:87/4867,train_loss:0.346, psnr : 21.9549
2021-07-01 14:45:59,384:INFO:88/4867,train_loss:0.331, psnr : 22.9222
2021-07-01 14:46:00,365:INFO:89/4867,train_loss:0.380, psnr : 20.3807
2021-07-01 14:46:01,349:INFO:90/4867,train_loss:0.282, psnr : 22.6842
2021-07-01 14:46:02,338:INFO:91/4867,train_loss:0.299, psnr : 24.3138
2021-07-01 14:46:03,327:INFO:92/4867,train_loss:0.334, psnr : 21.1408
2021-07-01 14:46:04,310:INFO:93/4867,train_loss:0.295, psnr : 20.9608
2021-07-01 14:46:05,294:INFO:94/4867,train_loss:0.285, psnr : 19.4798
2021-07-01 14:46:06,280:INFO:95/4867,train_loss:0.294, psnr : 22.5243
2021-07-01 14:46:07,283:INFO:96/4867,train_loss:0.295, psnr : 24.2233
2021-07-01 14:46:08,260:INFO:97/4867,train_loss:0.282, psnr : 19.5731
2021-07-01 14:46:09,251:INFO:98/4867,train_loss:0.318, psnr : 22.7265
2021-07-01 14:46:10,239:INFO:99/4867,train_loss:0.377, psnr : 21.2757
2021-07-01 14:46:11,212:INFO:100/4867,train_loss:0.293, psnr : 22.5244
2021-07-01 14:46:12,200:INFO:101/4867,train_loss:0.300, psnr : 23.6739
2021-07-01 14:46:13,199:INFO:102/4867,train_loss:0.232, psnr : 24.2178
2021-07-01 14:46:14,178:INFO:103/4867,train_loss:0.336, psnr : 23.2638
2021-07-01 14:46:15,182:INFO:104/4867,train_loss:0.317, psnr : 25.0561
2021-07-01 14:46:16,202:INFO:105/4867,train_loss:0.308, psnr : 20.2765
2021-07-01 14:46:17,182:INFO:106/4867,train_loss:0.293, psnr : 24.1287
2021-07-01 14:46:18,168:INFO:107/4867,train_loss:0.323, psnr : 21.1370
2021-07-01 14:46:19,168:INFO:108/4867,train_loss:0.295, psnr : 20.4665
2021-07-01 14:46:20,141:INFO:109/4867,train_loss:0.338, psnr : 21.2282
2021-07-01 14:46:21,138:INFO:110/4867,train_loss:0.344, psnr : 20.3485
2021-07-01 14:46:22,131:INFO:111/4867,train_loss:0.267, psnr : 25.4070
2021-07-01 14:46:23,136:INFO:112/4867,train_loss:0.325, psnr : 23.2379
2021-07-01 14:46:24,124:INFO:113/4867,train_loss:0.338, psnr : 24.9566
2021-07-01 14:46:25,106:INFO:114/4867,train_loss:0.296, psnr : 24.0250
2021-07-01 14:46:26,088:INFO:115/4867,train_loss:0.299, psnr : 21.6490
2021-07-01 14:46:27,077:INFO:116/4867,train_loss:0.315, psnr : 21.2584
2021-07-01 14:46:28,065:INFO:117/4867,train_loss:0.311, psnr : 21.7732
2021-07-01 14:46:29,039:INFO:118/4867,train_loss:0.355, psnr : 19.6778
2021-07-01 14:46:30,027:INFO:119/4867,train_loss:0.254, psnr : 24.3480
2021-07-01 14:46:31,028:INFO:120/4867,train_loss:0.310, psnr : 19.2405
2021-07-01 14:46:32,014:INFO:121/4867,train_loss:0.305, psnr : 24.4604
2021-07-01 14:46:33,004:INFO:122/4867,train_loss:0.272, psnr : 22.9972
2021-07-01 14:46:33,999:INFO:123/4867,train_loss:0.344, psnr : 20.1351
2021-07-01 14:46:34,982:INFO:124/4867,train_loss:0.295, psnr : 19.7352
2021-07-01 14:46:35,970:INFO:125/4867,train_loss:0.286, psnr : 23.8732
2021-07-01 14:46:36,969:INFO:126/4867,train_loss:0.258, psnr : 24.5621
2021-07-01 14:46:37,933:INFO:127/4867,train_loss:0.260, psnr : 22.5273
2021-07-01 14:46:38,925:INFO:128/4867,train_loss:0.292, psnr : 23.2276
2021-07-01 14:46:39,909:INFO:129/4867,train_loss:0.305, psnr : 22.5481
2021-07-01 14:46:40,897:INFO:130/4867,train_loss:0.324, psnr : 18.6333
2021-07-01 14:46:41,888:INFO:131/4867,train_loss:0.285, psnr : 19.4763
2021-07-01 14:46:42,892:INFO:132/4867,train_loss:0.335, psnr : 21.3614
2021-07-01 14:46:43,895:INFO:133/4867,train_loss:0.302, psnr : 22.8513
2021-07-01 14:46:44,888:INFO:134/4867,train_loss:0.349, psnr : 21.1937
2021-07-01 14:46:45,877:INFO:135/4867,train_loss:0.337, psnr : 19.1296
2021-07-01 14:46:46,884:INFO:136/4867,train_loss:0.298, psnr : 24.1245
2021-07-01 14:46:47,872:INFO:137/4867,train_loss:0.263, psnr : 23.9966
2021-07-01 14:46:48,859:INFO:138/4867,train_loss:0.349, psnr : 21.6016
2021-07-01 14:46:49,867:INFO:139/4867,train_loss:0.261, psnr : 21.6517
2021-07-01 14:46:50,850:INFO:140/4867,train_loss:0.267, psnr : 20.9326
2021-07-01 14:46:51,852:INFO:141/4867,train_loss:0.308, psnr : 24.6561
2021-07-01 14:46:52,841:INFO:142/4867,train_loss:0.323, psnr : 22.8658
2021-07-01 14:46:53,827:INFO:143/4867,train_loss:0.295, psnr : 22.3755
2021-07-01 14:46:54,815:INFO:144/4867,train_loss:0.374, psnr : 22.3515
2021-07-01 14:46:55,825:INFO:145/4867,train_loss:0.293, psnr : 25.3712
2021-07-01 14:46:56,821:INFO:146/4867,train_loss:0.273, psnr : 25.6239
2021-07-01 14:46:57,802:INFO:147/4867,train_loss:0.349, psnr : 21.6857
2021-07-01 14:46:58,775:INFO:148/4867,train_loss:0.284, psnr : 21.1148
2021-07-01 14:46:59,760:INFO:149/4867,train_loss:0.274, psnr : 23.6270
2021-07-01 14:47:00,740:INFO:150/4867,train_loss:0.330, psnr : 23.0202
2021-07-01 14:47:01,724:INFO:151/4867,train_loss:0.242, psnr : 22.5970
2021-07-01 14:47:02,712:INFO:152/4867,train_loss:0.315, psnr : 21.4820
2021-07-01 14:47:03,693:INFO:153/4867,train_loss:0.321, psnr : 20.8959
2021-07-01 14:47:04,677:INFO:154/4867,train_loss:0.288, psnr : 24.9655
2021-07-01 14:47:05,657:INFO:155/4867,train_loss:0.335, psnr : 21.9072
2021-07-01 14:47:06,649:INFO:156/4867,train_loss:0.374, psnr : 22.2273
2021-07-01 14:47:07,638:INFO:157/4867,train_loss:0.337, psnr : 20.6031
2021-07-01 14:47:08,629:INFO:158/4867,train_loss:0.336, psnr : 19.8553
2021-07-01 14:47:09,610:INFO:159/4867,train_loss:0.295, psnr : 23.1010
2021-07-01 14:47:10,587:INFO:160/4867,train_loss:0.314, psnr : 24.1415
2021-07-01 14:47:11,581:INFO:161/4867,train_loss:0.306, psnr : 24.4884
2021-07-01 14:47:12,557:INFO:162/4867,train_loss:0.342, psnr : 19.9116
2021-07-01 14:47:13,531:INFO:163/4867,train_loss:0.403, psnr : 21.7426
2021-07-01 14:47:14,518:INFO:164/4867,train_loss:0.371, psnr : 20.4065
2021-07-01 14:47:15,505:INFO:165/4867,train_loss:0.387, psnr : 21.1910
2021-07-01 14:47:16,502:INFO:166/4867,train_loss:0.351, psnr : 21.3679
2021-07-01 14:47:17,477:INFO:167/4867,train_loss:0.350, psnr : 20.8135
2021-07-01 14:47:18,468:INFO:168/4867,train_loss:0.312, psnr : 21.3502
2021-07-01 14:47:19,453:INFO:169/4867,train_loss:0.336, psnr : 22.6819
2021-07-01 14:47:20,446:INFO:170/4867,train_loss:0.351, psnr : 21.4312
2021-07-01 14:47:21,426:INFO:171/4867,train_loss:0.343, psnr : 21.4472
2021-07-01 14:47:22,410:INFO:172/4867,train_loss:0.321, psnr : 19.8562
2021-07-01 14:47:23,386:INFO:173/4867,train_loss:0.288, psnr : 24.0947
2021-07-01 14:47:24,368:INFO:174/4867,train_loss:0.331, psnr : 22.5356
2021-07-01 14:47:25,351:INFO:175/4867,train_loss:0.324, psnr : 21.7074
2021-07-01 14:47:26,347:INFO:176/4867,train_loss:0.309, psnr : 23.0511
2021-07-01 14:47:27,344:INFO:177/4867,train_loss:0.289, psnr : 22.1129
2021-07-01 14:47:28,335:INFO:178/4867,train_loss:0.330, psnr : 18.5393
2021-07-01 14:47:29,330:INFO:179/4867,train_loss:0.298, psnr : 23.5725
2021-07-01 14:47:30,317:INFO:180/4867,train_loss:0.284, psnr : 20.0703
2021-07-01 14:47:31,306:INFO:181/4867,train_loss:0.257, psnr : 23.8792
